# JRE version: Java(TM) SE Runtime Environment (15.0.1+9) (build 15.0.1+9-18)
# Java VM: Java HotSpot(TM) 64-Bit Server VM (15.0.1+9-18, mixed mode, sharing, tiered, compressed oops, g1 gc, windows-amd64)
GC Precious Log:
 CPUs: 8 total, 8 available
 Memory: 16283M
 Large Page Support: Disabled
 NUMA Support: Disabled
 Compressed Oops: Enabled (Zero based)
 Heap Region Size: 2M
 Heap Min Capacity: 8M
 Heap Initial Capacity: 256M
 Heap Max Capacity: 4072M
 Pre-touch: Disabled
 Parallel Workers: 8
 Concurrent Workers: 2
 Concurrent Refinement Workers: 8
 Periodic GC: Disabled
Heap:
 garbage-first heap   total 55296K, used 30987K [0x0000000701800000, 0x0000000800000000)
  region size 2048K, 10 young (20480K), 2 survivors (4096K)
 Metaspace       used 50534K, capacity 50933K, committed 51228K, reserved 1093632K
  class space    used 6607K, capacity 6723K, committed 6764K, reserved 1048576K
GC Heap History (20 events):
Event: 2.768 GC heap before
{Heap before GC invocations=1 (full 0):
 garbage-first heap   total 262144K, used 27830K [0x0000000701800000, 0x0000000800000000)
  region size 2048K, 12 young (24576K), 2 survivors (4096K)
 Metaspace       used 11089K, capacity 11489K, committed 11648K, reserved 1058816K
  class space    used 1308K, capacity 1376K, committed 1408K, reserved 1048576K
}
Event: 2.777 GC heap after
{Heap after GC invocations=2 (full 0):
 garbage-first heap   total 262144K, used 8575K [0x0000000701800000, 0x0000000800000000)
  region size 2048K, 1 young (2048K), 1 survivors (2048K)
 Metaspace       used 11089K, capacity 11489K, committed 11648K, reserved 1058816K
  class space    used 1308K, capacity 1376K, committed 1408K, reserved 1048576K
}
Event: 3.375 GC heap before
{Heap before GC invocations=2 (full 0):
 garbage-first heap   total 262144K, used 51583K [0x0000000701800000, 0x0000000800000000)
  region size 2048K, 23 young (47104K), 1 survivors (2048K)
 Metaspace       used 15518K, capacity 15794K, committed 16128K, reserved 1062912K
  class space    used 1855K, capacity 1930K, committed 2048K, reserved 1048576K
}
Event: 3.380 GC heap after
{Heap after GC invocations=3 (full 0):
 garbage-first heap   total 262144K, used 9594K [0x0000000701800000, 0x0000000800000000)
  region size 2048K, 2 young (4096K), 2 survivors (4096K)
 Metaspace       used 15518K, capacity 15794K, committed 16128K, reserved 1062912K
  class space    used 1855K, capacity 1930K, committed 2048K, reserved 1048576K
}
Event: 5.049 GC heap before
{Heap before GC invocations=3 (full 0):
 garbage-first heap   total 262144K, used 54650K [0x0000000701800000, 0x0000000800000000)
  region size 2048K, 26 young (53248K), 2 survivors (4096K)
 Metaspace       used 20927K, capacity 21212K, committed 21296K, reserved 1069056K
  class space    used 2580K, capacity 2680K, committed 2688K, reserved 1048576K
}
Event: 5.058 GC heap after
{Heap after GC invocations=4 (full 0):
 garbage-first heap   total 262144K, used 11492K [0x0000000701800000, 0x0000000800000000)
  region size 2048K, 3 young (6144K), 3 survivors (6144K)
 Metaspace       used 20927K, capacity 21212K, committed 21296K, reserved 1069056K
  class space    used 2580K, capacity 2680K, committed 2688K, reserved 1048576K
}
Event: 6.556 GC heap before
{Heap before GC invocations=5 (full 0):
 garbage-first heap   total 55296K, used 38116K [0x0000000701800000, 0x0000000800000000)
  region size 2048K, 16 young (32768K), 3 survivors (6144K)
 Metaspace       used 26358K, capacity 26706K, committed 26928K, reserved 1073152K
  class space    used 3305K, capacity 3436K, committed 3456K, reserved 1048576K
}
Event: 6.573 GC heap after
{Heap after GC invocations=6 (full 0):
 garbage-first heap   total 55296K, used 14058K [0x0000000701800000, 0x0000000800000000)
  region size 2048K, 2 young (4096K), 2 survivors (4096K)
 Metaspace       used 26358K, capacity 26706K, committed 26928K, reserved 1073152K
  class space    used 3305K, capacity 3436K, committed 3456K, reserved 1048576K
}
Event: 6.842 GC heap before
{Heap before GC invocations=6 (full 0):
 garbage-first heap   total 55296K, used 34538K [0x0000000701800000, 0x0000000800000000)
  region size 2048K, 13 young (26624K), 2 survivors (4096K)
 Metaspace       used 27392K, capacity 27762K, committed 27824K, reserved 1073152K
  class space    used 3403K, capacity 3532K, committed 3584K, reserved 1048576K
}
Event: 6.857 GC heap after
{Heap after GC invocations=7 (full 0):
 garbage-first heap   total 55296K, used 14775K [0x0000000701800000, 0x0000000800000000)
  region size 2048K, 1 young (2048K), 1 survivors (2048K)
 Metaspace       used 27392K, capacity 27762K, committed 27824K, reserved 1073152K
  class space    used 3403K, capacity 3532K, committed 3584K, reserved 1048576K
}
Event: 7.067 GC heap before
{Heap before GC invocations=7 (full 0):
 garbage-first heap   total 55296K, used 35255K [0x0000000701800000, 0x0000000800000000)
  region size 2048K, 12 young (24576K), 1 survivors (2048K)
 Metaspace       used 27663K, capacity 28018K, committed 28080K, reserved 1073152K
  class space    used 3430K, capacity 3532K, committed 3584K, reserved 1048576K
}
Event: 7.074 GC heap after
{Heap after GC invocations=8 (full 0):
 garbage-first heap   total 55296K, used 14496K [0x0000000701800000, 0x0000000800000000)
  region size 2048K, 1 young (2048K), 1 survivors (2048K)
 Metaspace       used 27663K, capacity 28018K, committed 28080K, reserved 1073152K
  class space    used 3430K, capacity 3532K, committed 3584K, reserved 1048576K
}
Event: 8.179 GC heap before
{Heap before GC invocations=8 (full 0):
 garbage-first heap   total 55296K, used 34976K [0x0000000701800000, 0x0000000800000000)
  region size 2048K, 12 young (24576K), 1 survivors (2048K)
 Metaspace       used 33263K, capacity 33636K, committed 33840K, reserved 1079296K
  class space    used 4077K, capacity 4209K, committed 4224K, reserved 1048576K
}
Event: 8.186 GC heap after
{Heap after GC invocations=9 (full 0):
 garbage-first heap   total 55296K, used 16046K [0x0000000701800000, 0x0000000800000000)
  region size 2048K, 2 young (4096K), 2 survivors (4096K)
 Metaspace       used 33263K, capacity 33636K, committed 33840K, reserved 1079296K
  class space    used 4077K, capacity 4209K, committed 4224K, reserved 1048576K
}
Event: 8.614 GC heap before
{Heap before GC invocations=9 (full 0):
 garbage-first heap   total 55296K, used 22190K [0x0000000701800000, 0x0000000800000000)
  region size 2048K, 7 young (14336K), 2 survivors (4096K)
 Metaspace       used 35475K, capacity 35830K, committed 35888K, reserved 1081344K
  class space    used 4361K, capacity 4468K, committed 4480K, reserved 1048576K
}
Event: 8.620 GC heap after
{Heap after GC invocations=10 (full 0):
 garbage-first heap   total 55296K, used 16461K [0x0000000701800000, 0x0000000800000000)
  region size 2048K, 2 young (4096K), 2 survivors (4096K)
 Metaspace       used 35475K, capacity 35830K, committed 35888K, reserved 1081344K
  class space    used 4361K, capacity 4468K, committed 4480K, reserved 1048576K
}
Event: 9.790 GC heap before
{Heap before GC invocations=11 (full 0):
 garbage-first heap   total 55296K, used 38989K [0x0000000701800000, 0x0000000800000000)
  region size 2048K, 13 young (26624K), 2 survivors (4096K)
 Metaspace       used 41755K, capacity 42175K, committed 42396K, reserved 1085440K
  class space    used 5357K, capacity 5494K, committed 5612K, reserved 1048576K
}
Event: 9.798 GC heap after
{Heap after GC invocations=12 (full 0):
 garbage-first heap   total 55296K, used 17764K [0x0000000701800000, 0x0000000800000000)
  region size 2048K, 1 young (2048K), 1 survivors (2048K)
 Metaspace       used 41755K, capacity 42175K, committed 42396K, reserved 1085440K
  class space    used 5357K, capacity 5494K, committed 5612K, reserved 1048576K
}
Event: 11.019 GC heap before
{Heap before GC invocations=12 (full 0):
 garbage-first heap   total 55296K, used 38244K [0x0000000701800000, 0x0000000800000000)
  region size 2048K, 12 young (24576K), 1 survivors (2048K)
 Metaspace       used 47742K, capacity 48175K, committed 48412K, reserved 1091584K
  class space    used 6265K, capacity 6402K, committed 6508K, reserved 1048576K
}
Event: 11.025 GC heap after
{Heap after GC invocations=13 (full 0):
 garbage-first heap   total 55296K, used 18699K [0x0000000701800000, 0x0000000800000000)
  region size 2048K, 2 young (4096K), 2 survivors (4096K)
 Metaspace       used 47742K, capacity 48175K, committed 48412K, reserved 1091584K
  class space    used 6265K, capacity 6402K, committed 6508K, reserved 1048576K
}

